AndroidApps/Murach/book_apps/ch07_TipCalculator_themes1/app/build/intermediates/manifest_merge_blame_file/debug/manifest-merger-blame-debug-report.txt
1<?xml version="1.0" encoding="utf-8"?>
2<manifest xmlns:android="http://schemas.android.com/apk/res/android"
3    package="com.murach.tipcalculator"
4    android:versionCode="1"
5    android:versionName="1.0" >
6
7    <uses-sdk
8        android:minSdkVersion="15"
8-->src\main\AndroidManifest.xml
9        android:targetSdkVersion="32" />
9-->src\main\AndroidManifest.xml
10
11    <application
11-->src\main\AndroidManifest.xml:6:5-21:19
12        android:allowBackup="true"
12-->src\main\AndroidManifest.xml:10:9-35
13        android:debuggable="true"
14        android:icon="@drawable/ic_launcher"
14-->src\main\AndroidManifest.xml:7:9-45
15        android:label="@string/app_name"
15-->src\main\AndroidManifest.xml:8:9-41
16        android:theme="@style/AppTheme" >
16-->src\main\AndroidManifest.xml:9:9-40
17        <activity
17-->src\main\AndroidManifest.xml:11:9-20:20
18            android:name="com.murach.tipcalculator.TipCalculatorActivity"
18-->src\main\AndroidManifest.xml:12:13-50
19            android:exported="true"
19-->src\main\AndroidManifest.xml:15:13-36
20            android:label="@string/app_name"
20-->src\main\AndroidManifest.xml:13:13-45
21            android:windowSoftInputMode="stateUnchanged" >
21-->src\main\AndroidManifest.xml:14:13-57
22            <intent-filter>
22-->src\main\AndroidManifest.xml:16:13-19:29
23                <action android:name="android.intent.action.MAIN" />
23-->src\main\AndroidManifest.xml:17:17-69
23-->src\main\AndroidManifest.xml:17:25-66
24
25                <category android:name="android.intent.category.LAUNCHER" />
25-->src\main\AndroidManifest.xml:18:17-77
25-->src\main\AndroidManifest.xml:18:27-74
26            </intent-filter>
27        </activity>
28    </application>
29
30</manifest>